<?xml version="1.0" encoding="UTF-8"?>
<!-- Generated by org.testng.reporters.JUnitReportReporter -->
<testsuite hostname="ARBIND12K6M24" failures="0" tests="7" name="neuroeqilibrium_Tinnitus_Test_Script.VerfyTinnitus_Patient_LoginPage" time="145.490" errors="0" timestamp="2025-01-10T17:59:58 IST" skipped="0">
  <testcase classname="neuroeqilibrium_Tinnitus_Test_Script.VerfyTinnitus_Patient_LoginPage" name="VerfyTest_Login_Page" time="4.731"/>
  <system-out/>
  <testcase classname="neuroeqilibrium_Tinnitus_Test_Script.VerfyTinnitus_Patient_LoginPage" name="VerfyTest_Tinnitus_Add_Patient" time="14.283"/>
  <system-out/>
  <testcase classname="neuroeqilibrium_Tinnitus_Test_Script.VerfyTinnitus_Patient_LoginPage" name="VerfyTest_Tinnitus_History" time="38.424"/>
  <system-out/>
  <testcase classname="neuroeqilibrium_Tinnitus_Test_Script.VerfyTinnitus_Patient_LoginPage" name="VerfyTest_Tinnitus_Investigation" time="2.877"/>
  <system-out/>
  <testcase classname="neuroeqilibrium_Tinnitus_Test_Script.VerfyTinnitus_Patient_LoginPage" name="THI" time="24.047"/>
  <system-out/>
  <testcase classname="neuroeqilibrium_Tinnitus_Test_Script.VerfyTinnitus_Patient_LoginPage" name="VerfyTest_Tinnitus_HADS" time="9.117"/>
  <system-out/>
  <testcase classname="neuroeqilibrium_Tinnitus_Test_Script.VerfyTinnitus_Patient_LoginPage" name="VerfyTest_Tinnitus_Investgation" time="52.011"/>
  <system-out/>
</testsuite> <!-- neuroeqilibrium_Tinnitus_Test_Script.VerfyTinnitus_Patient_LoginPage -->
